Fri Nov 19 16:51:45 MSK 2021 ykov присоединился
Fri Nov 19 16:51:45 MSK 2021 Сейчас в чате: 1 пользователя
Fri Nov 19 16:51:51 MSK 2021 dkjd присоединился
Fri Nov 19 16:51:51 MSK 2021 Сейчас в чате: 2 пользователя
Fri Nov 19 16:52:45 MSK 2021 wdw присоединился
Fri Nov 19 16:52:45 MSK 2021 Сейчас в чате: 1 пользователя
Fri Nov 19 16:57:32 MSK 2021 wded присоединился
Fri Nov 19 16:57:32 MSK 2021 Сейчас в чате: 1 пользователя
Fri Nov 19 16:57:36 MSK 2021 wded вышел из чата
Fri Nov 19 16:57:40 MSK 2021 efef присоединился
Fri Nov 19 16:57:40 MSK 2021 Сейчас в чате: 1 пользователя
Fri Nov 19 17:01:33 MSK 2021 yakov присоединился
Fri Nov 19 17:01:33 MSK 2021 Сейчас в чате: 1 пользователя
Fri Nov 19 17:02:11 MSK 2021 yakov присоединился
Fri Nov 19 17:02:11 MSK 2021 Сейчас в чате: 1 пользователя
Fri Nov 19 17:02:17 MSK 2021 yakov вышел из чата
Fri Nov 19 17:02:44 MSK 2021 yakov присоединился
Fri Nov 19 17:02:44 MSK 2021 Сейчас в чате: 1 пользователя
Fri Nov 19 17:02:48 MSK 2021 yakov: g
Fri Nov 19 17:02:50 MSK 2021 yakov вышел из чата
Fri Nov 19 17:02:56 MSK 2021 skdj присоединился
Fri Nov 19 17:02:56 MSK 2021 Сейчас в чате: 1 пользователя
Fri Nov 19 17:02:57 MSK 2021 skdj вышел из чата
